


ARM Macro Assembler    Page 1 


    1 00000000         ;/******************************************************
                       ************************
    2 00000000         ; * @file     startup_ma35d1_rtp.s
    3 00000000         ; * @brief    CMSIS Cortex-M4 Core Device Startup File
    4 00000000         ; *
    5 00000000         ; * SPDX-License-Identifier: Apache-2.0
    6 00000000         ; * @copyright (C) 2020 Nuvoton Technology Corp. All rig
                       hts reserved.
    7 00000000         ;*******************************************************
                       **********************/
    8 00000000         ;/*
    9 00000000         ;//-------- <<< Use Configuration Wizard in Context Menu
                        >>> ------------------
   10 00000000         ;*/
   11 00000000         
   12 00000000         
   13 00000000         ; <h> Stack Configuration
   14 00000000         ;   <o> Stack Size (in Bytes) <0x0-0xFFFFFFFF:8>
   15 00000000         ; </h>
   16 00000000         
   17 00000000                 IF               :LNOT: :DEF: Stack_Size
   19                          ENDIF
   20 00000000         
   21 00000000                 AREA             STACK, NOINIT, READWRITE, ALIGN
=3
   22 00000000         Stack_Mem
                               SPACE            Stack_Size
   23 00004000         __initial_sp
   24 00004000         
   25 00004000         
   26 00004000         ; <h> Heap Configuration
   27 00004000         ;   <o>  Heap Size (in Bytes) <0x0-0xFFFFFFFF:8>
   28 00004000         ; </h>
   29 00004000         
   30 00004000                 IF               :LNOT: :DEF: Heap_Size
   32                          ENDIF
   33 00004000         
   34 00004000                 AREA             HEAP, NOINIT, READWRITE, ALIGN=
3
   35 00000000         __heap_base
   36 00000000         Heap_Mem
                               SPACE            Heap_Size
   37 00004000         __heap_limit
   38 00004000         
   39 00004000         
   40 00004000                 PRESERVE8
   41 00004000                 THUMB
   42 00004000         
   43 00004000         
   44 00004000         ; Vector Table Mapped to Address 0 at Reset
   45 00004000         
   46 00004000                 AREA             RESET, DATA, READONLY
   47 00000000                 EXPORT           __Vectors
   48 00000000                 EXPORT           __Vectors_End
   49 00000000                 EXPORT           __Vectors_Size
   50 00000000         
   51 00000000 00000000 
                       __Vectors
                               DCD              __initial_sp ; Top of Stack



ARM Macro Assembler    Page 2 


   52 00000004 00000000        DCD              Reset_Handler ; Reset Handler
   53 00000008 00000000        DCD              NMI_Handler ; NMI Handler
   54 0000000C 00000000        DCD              HardFault_Handler ; Hard Fault 
                                                            Handler
   55 00000010 00000000        DCD              MemManage_Handler 
                                                            ; MPU Fault Handler
                                                            
   56 00000014 00000000        DCD              BusFault_Handler 
                                                            ; Bus Fault Handler
                                                            
   57 00000018 00000000        DCD              UsageFault_Handler ; Usage Faul
                                                            t Handler
   58 0000001C 00000000        DCD              0           ; Reserved
   59 00000020 00000000        DCD              0           ; Reserved
   60 00000024 00000000        DCD              0           ; Reserved
   61 00000028 00000000        DCD              0           ; Reserved
   62 0000002C 00000000        DCD              SVC_Handler ; SVCall Handler
   63 00000030 00000000        DCD              DebugMon_Handler ; Debug Monito
                                                            r Handler
   64 00000034 00000000        DCD              0           ; Reserved
   65 00000038 00000000        DCD              PendSV_Handler ; PendSV Handler
                                                            
   66 0000003C 00000000        DCD              SysTick_Handler 
                                                            ; SysTick Handler
   67 00000040         
   68 00000040         ; External Interrupts
   69 00000040 00000000        DCD              LVD_IRQHandler ; 0
   70 00000044 00000000        DCD              Default_Handler ; 1
   71 00000048 00000000        DCD              PWRWU_IRQHandler ; 2
   72 0000004C 00000000        DCD              HWSEM0_IRQHandler ; 3
   73 00000050 00000000        DCD              CKFAIL_IRQHandler ; 4
   74 00000054 00000000        DCD              WHC0_IRQHandler ; 5
   75 00000058 00000000        DCD              RTC_IRQHandler ; 6
   76 0000005C 00000000        DCD              TAMPER_IRQHandler ; 7
   77 00000060 00000000        DCD              WDT2_IRQHandler ; 8
   78 00000064 00000000        DCD              WWDT2_IRQHandler ; 9
   79 00000068 00000000        DCD              EINT0_IRQHandler ; 10
   80 0000006C 00000000        DCD              EINT1_IRQHandler ; 11
   81 00000070 00000000        DCD              EINT2_IRQHandler ; 12
   82 00000074 00000000        DCD              EINT3_IRQHandler ; 13
   83 00000078 00000000        DCD              Default_Handler ; 14
   84 0000007C 00000000        DCD              Default_Handler ; 15
   85 00000080 00000000        DCD              GPA_IRQHandler ; 16
   86 00000084 00000000        DCD              GPB_IRQHandler ; 17
   87 00000088 00000000        DCD              GPC_IRQHandler ; 18
   88 0000008C 00000000        DCD              GPD_IRQHandler ; 19
   89 00000090 00000000        DCD              Default_Handler ; 20
   90 00000094 00000000        DCD              Default_Handler ; 21
   91 00000098 00000000        DCD              TMR2_IRQHandler ; 22
   92 0000009C 00000000        DCD              TMR3_IRQHandler ; 23
   93 000000A0 00000000        DCD              BRAKE0_IRQHandler ; 24
   94 000000A4 00000000        DCD              EPWM0P0_IRQHandler ; 25
   95 000000A8 00000000        DCD              EPWM0P1_IRQHandler ; 26
   96 000000AC 00000000        DCD              EPWM0P2_IRQHandler ; 27
   97 000000B0 00000000        DCD              QEI0_IRQHandler ; 28
   98 000000B4 00000000        DCD              ECAP0_IRQHandler ; 29
   99 000000B8 00000000        DCD              Default_Handler ; 30
  100 000000BC 00000000        DCD              QSPI1_IRQHandler ; 31
  101 000000C0 00000000        DCD              Default_Handler ; 32



ARM Macro Assembler    Page 3 


  102 000000C4 00000000        DCD              Default_Handler ; 33
  103 000000C8 00000000        DCD              Default_Handler ; 34
  104 000000CC 00000000        DCD              UART1_IRQHandler ; 35
  105 000000D0 00000000        DCD              UART2_IRQHandler ; 36
  106 000000D4 00000000        DCD              UART3_IRQHandler ; 37
  107 000000D8 00000000        DCD              UART4_IRQHandler ; 38
  108 000000DC 00000000        DCD              UART5_IRQHandler ; 39
  109 000000E0 00000000        DCD              EADC00_IRQHandler ; 40
  110 000000E4 00000000        DCD              EADC01_IRQHandler ; 41
  111 000000E8 00000000        DCD              EADC02_IRQHandler ; 42
  112 000000EC 00000000        DCD              EADC03_IRQHandler ; 43
  113 000000F0 00000000        DCD              Default_Handler ; 44
  114 000000F4 00000000        DCD              I2C1_IRQHandler ; 45
  115 000000F8 00000000        DCD              I2S0_IRQHandler ; 46
  116 000000FC 00000000        DCD              CANFD00_IRQHandler ; 47
  117 00000100 00000000        DCD              SC0_IRQHandler ; 48
  118 00000104 00000000        DCD              GPE_IRQHandler ; 49
  119 00000108 00000000        DCD              GPF_IRQHandler ; 50
  120 0000010C 00000000        DCD              GPG_IRQHandler ; 51
  121 00000110 00000000        DCD              GPH_IRQHandler ; 52
  122 00000114 00000000        DCD              GPI_IRQHandler ; 53
  123 00000118 00000000        DCD              GPJ_IRQHandler ; 54
  124 0000011C 00000000        DCD              TMR4_IRQHandler ; 55
  125 00000120 00000000        DCD              TMR5_IRQHandler ; 56
  126 00000124 00000000        DCD              TMR6_IRQHandler ; 57
  127 00000128 00000000        DCD              TMR7_IRQHandler ; 58
  128 0000012C 00000000        DCD              BRAKE1_IRQHandler ; 59
  129 00000130 00000000        DCD              EPWM1P0_IRQHandler ; 60
  130 00000134 00000000        DCD              EPWM1P1_IRQHandler ; 61
  131 00000138 00000000        DCD              EPWM1P2_IRQHandler ; 62
  132 0000013C 00000000        DCD              QEI1_IRQHandler ; 63
  133 00000140 00000000        DCD              ECAP1_IRQHandler ; 64
  134 00000144 00000000        DCD              SPI0_IRQHandler ; 65
  135 00000148 00000000        DCD              SPI1_IRQHandler ; 66
  136 0000014C 00000000        DCD              PDMA2_IRQHandler ; 67
  137 00000150 00000000        DCD              PDMA3_IRQHandler ; 68
  138 00000154 00000000        DCD              UART6_IRQHandler ; 69
  139 00000158 00000000        DCD              UART7_IRQHandler ; 70
  140 0000015C 00000000        DCD              UART8_IRQHandler ; 71
  141 00000160 00000000        DCD              UART9_IRQHandler ; 72
  142 00000164 00000000        DCD              UART10_IRQHandler ; 73
  143 00000168 00000000        DCD              UART11_IRQHandler ; 74
  144 0000016C 00000000        DCD              I2C2_IRQHandler ; 75
  145 00000170 00000000        DCD              I2C3_IRQHandler ; 76
  146 00000174 00000000        DCD              I2S1_IRQHandler ; 77
  147 00000178 00000000        DCD              CANFD10_IRQHandler ; 78
  148 0000017C 00000000        DCD              SC1_IRQHandler ; 79
  149 00000180 00000000        DCD              GPK_IRQHandler ; 80
  150 00000184 00000000        DCD              GPL_IRQHandler ; 81
  151 00000188 00000000        DCD              GPM_IRQHandler ; 82
  152 0000018C 00000000        DCD              GPN_IRQHandler ; 83
  153 00000190 00000000        DCD              TMR8_IRQHandler ; 84
  154 00000194 00000000        DCD              TMR9_IRQHandler ; 85
  155 00000198 00000000        DCD              TMR10_IRQHandler ; 86
  156 0000019C 00000000        DCD              TMR11_IRQHandler ; 87
  157 000001A0 00000000        DCD              BRAKE2_IRQHandler ; 88
  158 000001A4 00000000        DCD              EPWM2P0_IRQHandle ; 89
  159 000001A8 00000000        DCD              EPWM2P1_IRQHandle ; 90
  160 000001AC 00000000        DCD              EPWM2P2_IRQHandle ; 91



ARM Macro Assembler    Page 4 


  161 000001B0 00000000        DCD              QEI2_IRQHandler ; 92
  162 000001B4 00000000        DCD              ECAP2_IRQHandler ; 93
  163 000001B8 00000000        DCD              SPI2_IRQHandler ; 94
  164 000001BC 00000000        DCD              SPI3_IRQHandler ; 95
  165 000001C0 00000000        DCD              UART12_IRQHandler ; 96
  166 000001C4 00000000        DCD              UART13_IRQHandler ; 97
  167 000001C8 00000000        DCD              UART14_IRQHandler ; 98
  168 000001CC 00000000        DCD              UART15_IRQHandler ; 99
  169 000001D0 00000000        DCD              UART16_IRQHandler ; 100
  170 000001D4 00000000        DCD              I2C4_IRQHandler ; 101
  171 000001D8 00000000        DCD              I2C5_IRQHandler ; 102
  172 000001DC 00000000        DCD              CANFD20_IRQHandler ; 103
  173 000001E0 00000000        DCD              CANFD30_IRQHandler ; 104
  174 000001E4 00000000        DCD              KPI_IRQHandler ; 105
  175 000001E8 00000000        DCD              CANFD01_IRQHandler ; 106
  176 000001EC 00000000        DCD              CANFD11_IRQHandler ; 107
  177 000001F0 00000000        DCD              CANFD21_IRQHandler ; 108
  178 000001F4 00000000        DCD              CANFD31_IRQHandler ; 109
  179 000001F8 00000000        DCD              ADC0_IRQHandler ; 110
  180 000001FC         __Vectors_End
  181 000001FC         
  182 000001FC 000001FC 
                       __Vectors_Size
                               EQU              __Vectors_End - __Vectors
  183 000001FC         
  184 000001FC                 AREA             |.text|, CODE, READONLY
  185 00000000         
  186 00000000         
  187 00000000         ; Reset Handler
  188 00000000         
  189 00000000         Reset_Handler
                               PROC
  190 00000000                 EXPORT           Reset_Handler             [WEAK
]
  191 00000000                 IMPORT           SystemInit
  192 00000000                 IMPORT           __main
  193 00000000         
  194 00000000 4806            LDR              R0, =SystemInit
  195 00000002 4780            BLX              R0
  196 00000004         
  197 00000004 4806            LDR              R0, =__main
  198 00000006 4700            BX               R0
  199 00000008         
  200 00000008                 ENDP
  201 00000008         
  202 00000008         
  203 00000008         ; Dummy Exception Handlers (infinite loops which can be 
                       modified)
  204 00000008         
  205 00000008         NMI_Handler
                               PROC
  206 00000008                 EXPORT           NMI_Handler               [WEAK
]
  207 00000008 E7FE            B                .
  208 0000000A                 ENDP
  210 0000000A         HardFault_Handler
                               PROC
  211 0000000A                 EXPORT           HardFault_Handler         [WEAK
]



ARM Macro Assembler    Page 5 


  212 0000000A E7FE            B                .
  213 0000000C                 ENDP
  215 0000000C         MemManage_Handler
                               PROC
  216 0000000C                 EXPORT           MemManage_Handler         [WEAK
]
  217 0000000C E7FE            B                .
  218 0000000E                 ENDP
  220 0000000E         BusFault_Handler
                               PROC
  221 0000000E                 EXPORT           BusFault_Handler          [WEAK
]
  222 0000000E E7FE            B                .
  223 00000010                 ENDP
  225 00000010         UsageFault_Handler
                               PROC
  226 00000010                 EXPORT           UsageFault_Handler        [WEAK
]
  227 00000010 E7FE            B                .
  228 00000012                 ENDP
  229 00000012         SVC_Handler
                               PROC
  230 00000012                 EXPORT           SVC_Handler               [WEAK
]
  231 00000012 E7FE            B                .
  232 00000014                 ENDP
  234 00000014         DebugMon_Handler
                               PROC
  235 00000014                 EXPORT           DebugMon_Handler          [WEAK
]
  236 00000014 E7FE            B                .
  237 00000016                 ENDP
  239 00000016         PendSV_Handler
                               PROC
  240 00000016                 EXPORT           PendSV_Handler            [WEAK
]
  241 00000016 E7FE            B                .
  242 00000018                 ENDP
  244 00000018         SysTick_Handler
                               PROC
  245 00000018                 EXPORT           SysTick_Handler           [WEAK
]
  246 00000018 E7FE            B                .
  247 0000001A                 ENDP
  248 0000001A         
  249 0000001A         Default_Handler
                               PROC
  250 0000001A         
  251 0000001A                 EXPORT           LVD_IRQHandler          [WEAK]
  252 0000001A                 EXPORT           PWRWU_IRQHandler        [WEAK]
  253 0000001A                 EXPORT           HWSEM0_IRQHandler       [WEAK]
  254 0000001A                 EXPORT           CKFAIL_IRQHandler       [WEAK]
  255 0000001A                 EXPORT           WHC0_IRQHandler         [WEAK]
  256 0000001A                 EXPORT           RTC_IRQHandler          [WEAK]
  257 0000001A                 EXPORT           TAMPER_IRQHandler       [WEAK]
  258 0000001A                 EXPORT           WDT2_IRQHandler         [WEAK]
  259 0000001A                 EXPORT           WWDT2_IRQHandler        [WEAK]
  260 0000001A                 EXPORT           EINT0_IRQHandler        [WEAK]
  261 0000001A                 EXPORT           EINT1_IRQHandler        [WEAK]



ARM Macro Assembler    Page 6 


  262 0000001A                 EXPORT           EINT2_IRQHandler        [WEAK]
  263 0000001A                 EXPORT           EINT3_IRQHandler        [WEAK]
  264 0000001A                 EXPORT           GPA_IRQHandler          [WEAK]
  265 0000001A                 EXPORT           GPB_IRQHandler          [WEAK]
  266 0000001A                 EXPORT           GPC_IRQHandler          [WEAK]
  267 0000001A                 EXPORT           GPD_IRQHandler          [WEAK]
  268 0000001A                 EXPORT           TMR2_IRQHandler         [WEAK]
  269 0000001A                 EXPORT           TMR3_IRQHandler         [WEAK]
  270 0000001A                 EXPORT           BRAKE0_IRQHandler       [WEAK]
  271 0000001A                 EXPORT           EPWM0P0_IRQHandler      [WEAK]
  272 0000001A                 EXPORT           EPWM0P1_IRQHandler      [WEAK]
  273 0000001A                 EXPORT           EPWM0P2_IRQHandler      [WEAK]
  274 0000001A                 EXPORT           QEI0_IRQHandler         [WEAK]
  275 0000001A                 EXPORT           ECAP0_IRQHandler        [WEAK]
  276 0000001A                 EXPORT           QSPI1_IRQHandler        [WEAK]
  277 0000001A                 EXPORT           UART1_IRQHandler        [WEAK]
  278 0000001A                 EXPORT           UART2_IRQHandler        [WEAK]
  279 0000001A                 EXPORT           UART3_IRQHandler        [WEAK]
  280 0000001A                 EXPORT           UART4_IRQHandler        [WEAK]
  281 0000001A                 EXPORT           UART5_IRQHandler        [WEAK]
  282 0000001A                 EXPORT           EADC00_IRQHandler       [WEAK]
  283 0000001A                 EXPORT           EADC01_IRQHandler       [WEAK]
  284 0000001A                 EXPORT           EADC02_IRQHandler       [WEAK]
  285 0000001A                 EXPORT           EADC03_IRQHandler       [WEAK]
  286 0000001A                 EXPORT           I2C1_IRQHandler         [WEAK]
  287 0000001A                 EXPORT           I2S0_IRQHandler         [WEAK]
  288 0000001A                 EXPORT           CANFD00_IRQHandler      [WEAK]
  289 0000001A                 EXPORT           SC0_IRQHandler          [WEAK]
  290 0000001A                 EXPORT           GPE_IRQHandler          [WEAK]
  291 0000001A                 EXPORT           GPF_IRQHandler          [WEAK]
  292 0000001A                 EXPORT           GPG_IRQHandler          [WEAK]
  293 0000001A                 EXPORT           GPH_IRQHandler          [WEAK]
  294 0000001A                 EXPORT           GPI_IRQHandler          [WEAK]
  295 0000001A                 EXPORT           GPJ_IRQHandler          [WEAK]
  296 0000001A                 EXPORT           TMR4_IRQHandler         [WEAK]
  297 0000001A                 EXPORT           TMR5_IRQHandler         [WEAK]
  298 0000001A                 EXPORT           TMR6_IRQHandler         [WEAK]
  299 0000001A                 EXPORT           TMR7_IRQHandler         [WEAK]
  300 0000001A                 EXPORT           BRAKE1_IRQHandler       [WEAK]
  301 0000001A                 EXPORT           EPWM1P0_IRQHandler      [WEAK]
  302 0000001A                 EXPORT           EPWM1P1_IRQHandler      [WEAK]
  303 0000001A                 EXPORT           EPWM1P2_IRQHandler      [WEAK]
  304 0000001A                 EXPORT           QEI1_IRQHandler         [WEAK]
  305 0000001A                 EXPORT           ECAP1_IRQHandler        [WEAK]
  306 0000001A                 EXPORT           SPI0_IRQHandler         [WEAK]
  307 0000001A                 EXPORT           SPI1_IRQHandler         [WEAK]
  308 0000001A                 EXPORT           PDMA2_IRQHandler        [WEAK]
  309 0000001A                 EXPORT           PDMA3_IRQHandler        [WEAK]
  310 0000001A                 EXPORT           UART6_IRQHandler        [WEAK]
  311 0000001A                 EXPORT           UART7_IRQHandler        [WEAK]
  312 0000001A                 EXPORT           UART8_IRQHandler        [WEAK]
  313 0000001A                 EXPORT           UART9_IRQHandler        [WEAK]
  314 0000001A                 EXPORT           UART10_IRQHandler       [WEAK]
  315 0000001A                 EXPORT           UART11_IRQHandler       [WEAK]
  316 0000001A                 EXPORT           I2C2_IRQHandler         [WEAK]
  317 0000001A                 EXPORT           I2C3_IRQHandler         [WEAK]
  318 0000001A                 EXPORT           I2S1_IRQHandler         [WEAK]
  319 0000001A                 EXPORT           CANFD10_IRQHandler      [WEAK]
  320 0000001A                 EXPORT           SC1_IRQHandler          [WEAK]



ARM Macro Assembler    Page 7 


  321 0000001A                 EXPORT           GPK_IRQHandler          [WEAK]
  322 0000001A                 EXPORT           GPL_IRQHandler          [WEAK]
  323 0000001A                 EXPORT           GPM_IRQHandler          [WEAK]
  324 0000001A                 EXPORT           GPN_IRQHandler          [WEAK]
  325 0000001A                 EXPORT           TMR8_IRQHandler         [WEAK]
  326 0000001A                 EXPORT           TMR9_IRQHandler         [WEAK]
  327 0000001A                 EXPORT           TMR10_IRQHandler        [WEAK]
  328 0000001A                 EXPORT           TMR11_IRQHandler        [WEAK]
  329 0000001A                 EXPORT           BRAKE2_IRQHandler       [WEAK]
  330 0000001A                 EXPORT           EPWM2P0_IRQHandle       [WEAK]
  331 0000001A                 EXPORT           EPWM2P1_IRQHandle       [WEAK]
  332 0000001A                 EXPORT           EPWM2P2_IRQHandle       [WEAK]
  333 0000001A                 EXPORT           QEI2_IRQHandler         [WEAK]
  334 0000001A                 EXPORT           ECAP2_IRQHandler        [WEAK]
  335 0000001A                 EXPORT           SPI2_IRQHandler         [WEAK]
  336 0000001A                 EXPORT           SPI3_IRQHandler         [WEAK]
  337 0000001A                 EXPORT           UART12_IRQHandler       [WEAK]
  338 0000001A                 EXPORT           UART13_IRQHandler       [WEAK]
  339 0000001A                 EXPORT           UART14_IRQHandler       [WEAK]
  340 0000001A                 EXPORT           UART15_IRQHandler       [WEAK]
  341 0000001A                 EXPORT           UART16_IRQHandler       [WEAK]
  342 0000001A                 EXPORT           I2C4_IRQHandler         [WEAK]
  343 0000001A                 EXPORT           I2C5_IRQHandler         [WEAK]
  344 0000001A                 EXPORT           CANFD20_IRQHandler      [WEAK]
  345 0000001A                 EXPORT           CANFD30_IRQHandler      [WEAK]
  346 0000001A                 EXPORT           KPI_IRQHandler          [WEAK]
  347 0000001A                 EXPORT           CANFD01_IRQHandler      [WEAK]
  348 0000001A                 EXPORT           CANFD11_IRQHandler      [WEAK]
  349 0000001A                 EXPORT           CANFD21_IRQHandler      [WEAK]
  350 0000001A                 EXPORT           CANFD31_IRQHandler      [WEAK]
  351 0000001A                 EXPORT           ADC0_IRQHandler         [WEAK]
  352 0000001A         
  353 0000001A         LVD_IRQHandler
  354 0000001A         PWRWU_IRQHandler
  355 0000001A         HWSEM0_IRQHandler
  356 0000001A         CKFAIL_IRQHandler
  357 0000001A         WHC0_IRQHandler
  358 0000001A         RTC_IRQHandler
  359 0000001A         TAMPER_IRQHandler
  360 0000001A         WDT2_IRQHandler
  361 0000001A         WWDT2_IRQHandler
  362 0000001A         EINT0_IRQHandler
  363 0000001A         EINT1_IRQHandler
  364 0000001A         EINT2_IRQHandler
  365 0000001A         EINT3_IRQHandler
  366 0000001A         GPA_IRQHandler
  367 0000001A         GPB_IRQHandler
  368 0000001A         GPC_IRQHandler
  369 0000001A         GPD_IRQHandler
  370 0000001A         TMR2_IRQHandler
  371 0000001A         TMR3_IRQHandler
  372 0000001A         BRAKE0_IRQHandler
  373 0000001A         EPWM0P0_IRQHandler
  374 0000001A         EPWM0P1_IRQHandler
  375 0000001A         EPWM0P2_IRQHandler
  376 0000001A         QEI0_IRQHandler
  377 0000001A         ECAP0_IRQHandler
  378 0000001A         QSPI1_IRQHandler
  379 0000001A         UART1_IRQHandler



ARM Macro Assembler    Page 8 


  380 0000001A         UART2_IRQHandler
  381 0000001A         UART3_IRQHandler
  382 0000001A         UART4_IRQHandler
  383 0000001A         UART5_IRQHandler
  384 0000001A         EADC00_IRQHandler
  385 0000001A         EADC01_IRQHandler
  386 0000001A         EADC02_IRQHandler
  387 0000001A         EADC03_IRQHandler
  388 0000001A         I2C1_IRQHandler
  389 0000001A         I2S0_IRQHandler
  390 0000001A         CANFD00_IRQHandler
  391 0000001A         SC0_IRQHandler
  392 0000001A         GPE_IRQHandler
  393 0000001A         GPF_IRQHandler
  394 0000001A         GPG_IRQHandler
  395 0000001A         GPH_IRQHandler
  396 0000001A         GPI_IRQHandler
  397 0000001A         GPJ_IRQHandler
  398 0000001A         TMR4_IRQHandler
  399 0000001A         TMR5_IRQHandler
  400 0000001A         TMR6_IRQHandler
  401 0000001A         TMR7_IRQHandler
  402 0000001A         BRAKE1_IRQHandler
  403 0000001A         EPWM1P0_IRQHandler
  404 0000001A         EPWM1P1_IRQHandler
  405 0000001A         EPWM1P2_IRQHandler
  406 0000001A         QEI1_IRQHandler
  407 0000001A         ECAP1_IRQHandler
  408 0000001A         SPI0_IRQHandler
  409 0000001A         SPI1_IRQHandler
  410 0000001A         PDMA2_IRQHandler
  411 0000001A         PDMA3_IRQHandler
  412 0000001A         UART6_IRQHandler
  413 0000001A         UART7_IRQHandler
  414 0000001A         UART8_IRQHandler
  415 0000001A         UART9_IRQHandler
  416 0000001A         UART10_IRQHandler
  417 0000001A         UART11_IRQHandler
  418 0000001A         I2C2_IRQHandler
  419 0000001A         I2C3_IRQHandler
  420 0000001A         I2S1_IRQHandler
  421 0000001A         CANFD10_IRQHandler
  422 0000001A         SC1_IRQHandler
  423 0000001A         GPK_IRQHandler
  424 0000001A         GPL_IRQHandler
  425 0000001A         GPM_IRQHandler
  426 0000001A         GPN_IRQHandler
  427 0000001A         TMR8_IRQHandler
  428 0000001A         TMR9_IRQHandler
  429 0000001A         TMR10_IRQHandler
  430 0000001A         TMR11_IRQHandler
  431 0000001A         BRAKE2_IRQHandler
  432 0000001A         EPWM2P0_IRQHandle
  433 0000001A         EPWM2P1_IRQHandle
  434 0000001A         EPWM2P2_IRQHandle
  435 0000001A         QEI2_IRQHandler
  436 0000001A         ECAP2_IRQHandler
  437 0000001A         SPI2_IRQHandler
  438 0000001A         SPI3_IRQHandler



ARM Macro Assembler    Page 9 


  439 0000001A         UART12_IRQHandler
  440 0000001A         UART13_IRQHandler
  441 0000001A         UART14_IRQHandler
  442 0000001A         UART15_IRQHandler
  443 0000001A         UART16_IRQHandler
  444 0000001A         I2C4_IRQHandler
  445 0000001A         I2C5_IRQHandler
  446 0000001A         CANFD20_IRQHandler
  447 0000001A         CANFD30_IRQHandler
  448 0000001A         KPI_IRQHandler
  449 0000001A         CANFD01_IRQHandler
  450 0000001A         CANFD11_IRQHandler
  451 0000001A         CANFD21_IRQHandler
  452 0000001A         CANFD31_IRQHandler
  453 0000001A         ADC0_IRQHandler
  454 0000001A         
  455 0000001A E7FE            B                .
  456 0000001C                 ENDP
  457 0000001C         
  458 0000001C         
  459 0000001C                 ALIGN
  460 0000001C         
  461 0000001C         
  462 0000001C         ; User Initial Stack & Heap
  463 0000001C         
  464 0000001C                 IF               :DEF:__MICROLIB
  465 0000001C         
  466 0000001C                 EXPORT           __initial_sp
  467 0000001C                 EXPORT           __heap_base
  468 0000001C                 EXPORT           __heap_limit
  469 0000001C         
  470 0000001C                 ELSE
  485                          ENDIF
  486 0000001C         
  487 0000001C         
  488 0000001C                 END
              00000000 
              00000000 
Command Line: --16 --debug --xref --diag_suppress=9931 --cpu=Cortex-M4.fp.sp --
apcs=interwork --depend=.\obj\startup_ma35d1_rtp.d -o.\obj\startup_ma35d1_rtp.o
 -IE:\Keil_v5\ARM\RV31\INC -IE:\Keil_v5\ARM\CMSIS\Include --predefine="__EVAL S
ETA 1" --predefine="__MICROLIB SETA 1" --predefine="__UVISION_VERSION SETA 538"
 --list=.\lst\startup_ma35d1_rtp.lst ..\..\Library\Device\Nuvoton\ma35d1_rtp\So
urce\ARM\startup_ma35d1_rtp.s



ARM Macro Assembler    Page 1 Alphabetic symbol ordering
Relocatable symbols

STACK 00000000

Symbol: STACK
   Definitions
      At line 21 in file ..\..\Library\Device\Nuvoton\ma35d1_rtp\Source\ARM\sta
rtup_ma35d1_rtp.s
   Uses
      None
Comment: STACK unused
Stack_Mem 00000000

Symbol: Stack_Mem
   Definitions
      At line 22 in file ..\..\Library\Device\Nuvoton\ma35d1_rtp\Source\ARM\sta
rtup_ma35d1_rtp.s
   Uses
      None
Comment: Stack_Mem unused
__initial_sp 00004000

Symbol: __initial_sp
   Definitions
      At line 23 in file ..\..\Library\Device\Nuvoton\ma35d1_rtp\Source\ARM\sta
rtup_ma35d1_rtp.s
   Uses
      At line 51 in file ..\..\Library\Device\Nuvoton\ma35d1_rtp\Source\ARM\sta
rtup_ma35d1_rtp.s
      At line 466 in file ..\..\Library\Device\Nuvoton\ma35d1_rtp\Source\ARM\st
artup_ma35d1_rtp.s

3 symbols



ARM Macro Assembler    Page 1 Alphabetic symbol ordering
Relocatable symbols

HEAP 00000000

Symbol: HEAP
   Definitions
      At line 34 in file ..\..\Library\Device\Nuvoton\ma35d1_rtp\Source\ARM\sta
rtup_ma35d1_rtp.s
   Uses
      None
Comment: HEAP unused
Heap_Mem 00000000

Symbol: Heap_Mem
   Definitions
      At line 36 in file ..\..\Library\Device\Nuvoton\ma35d1_rtp\Source\ARM\sta
rtup_ma35d1_rtp.s
   Uses
      None
Comment: Heap_Mem unused
__heap_base 00000000

Symbol: __heap_base
   Definitions
      At line 35 in file ..\..\Library\Device\Nuvoton\ma35d1_rtp\Source\ARM\sta
rtup_ma35d1_rtp.s
   Uses
      At line 467 in file ..\..\Library\Device\Nuvoton\ma35d1_rtp\Source\ARM\st
artup_ma35d1_rtp.s
Comment: __heap_base used once
__heap_limit 00004000

Symbol: __heap_limit
   Definitions
      At line 37 in file ..\..\Library\Device\Nuvoton\ma35d1_rtp\Source\ARM\sta
rtup_ma35d1_rtp.s
   Uses
      At line 468 in file ..\..\Library\Device\Nuvoton\ma35d1_rtp\Source\ARM\st
artup_ma35d1_rtp.s
Comment: __heap_limit used once
4 symbols



ARM Macro Assembler    Page 1 Alphabetic symbol ordering
Relocatable symbols

RESET 00000000

Symbol: RESET
   Definitions
      At line 46 in file ..\..\Library\Device\Nuvoton\ma35d1_rtp\Source\ARM\sta
rtup_ma35d1_rtp.s
   Uses
      None
Comment: RESET unused
__Vectors 00000000

Symbol: __Vectors
   Definitions
      At line 51 in file ..\..\Library\Device\Nuvoton\ma35d1_rtp\Source\ARM\sta
rtup_ma35d1_rtp.s
   Uses
      At line 47 in file ..\..\Library\Device\Nuvoton\ma35d1_rtp\Source\ARM\sta
rtup_ma35d1_rtp.s
      At line 182 in file ..\..\Library\Device\Nuvoton\ma35d1_rtp\Source\ARM\st
artup_ma35d1_rtp.s

__Vectors_End 000001FC

Symbol: __Vectors_End
   Definitions
      At line 180 in file ..\..\Library\Device\Nuvoton\ma35d1_rtp\Source\ARM\st
artup_ma35d1_rtp.s
   Uses
      At line 48 in file ..\..\Library\Device\Nuvoton\ma35d1_rtp\Source\ARM\sta
rtup_ma35d1_rtp.s
      At line 182 in file ..\..\Library\Device\Nuvoton\ma35d1_rtp\Source\ARM\st
artup_ma35d1_rtp.s

3 symbols



ARM Macro Assembler    Page 1 Alphabetic symbol ordering
Relocatable symbols

.text 00000000

Symbol: .text
   Definitions
      At line 184 in file ..\..\Library\Device\Nuvoton\ma35d1_rtp\Source\ARM\st
artup_ma35d1_rtp.s
   Uses
      None
Comment: .text unused
ADC0_IRQHandler 0000001A

Symbol: ADC0_IRQHandler
   Definitions
      At line 453 in file ..\..\Library\Device\Nuvoton\ma35d1_rtp\Source\ARM\st
artup_ma35d1_rtp.s
   Uses
      At line 179 in file ..\..\Library\Device\Nuvoton\ma35d1_rtp\Source\ARM\st
artup_ma35d1_rtp.s
      At line 351 in file ..\..\Library\Device\Nuvoton\ma35d1_rtp\Source\ARM\st
artup_ma35d1_rtp.s

BRAKE0_IRQHandler 0000001A

Symbol: BRAKE0_IRQHandler
   Definitions
      At line 372 in file ..\..\Library\Device\Nuvoton\ma35d1_rtp\Source\ARM\st
artup_ma35d1_rtp.s
   Uses
      At line 93 in file ..\..\Library\Device\Nuvoton\ma35d1_rtp\Source\ARM\sta
rtup_ma35d1_rtp.s
      At line 270 in file ..\..\Library\Device\Nuvoton\ma35d1_rtp\Source\ARM\st
artup_ma35d1_rtp.s

BRAKE1_IRQHandler 0000001A

Symbol: BRAKE1_IRQHandler
   Definitions
      At line 402 in file ..\..\Library\Device\Nuvoton\ma35d1_rtp\Source\ARM\st
artup_ma35d1_rtp.s
   Uses
      At line 128 in file ..\..\Library\Device\Nuvoton\ma35d1_rtp\Source\ARM\st
artup_ma35d1_rtp.s
      At line 300 in file ..\..\Library\Device\Nuvoton\ma35d1_rtp\Source\ARM\st
artup_ma35d1_rtp.s

BRAKE2_IRQHandler 0000001A

Symbol: BRAKE2_IRQHandler
   Definitions
      At line 431 in file ..\..\Library\Device\Nuvoton\ma35d1_rtp\Source\ARM\st
artup_ma35d1_rtp.s
   Uses
      At line 157 in file ..\..\Library\Device\Nuvoton\ma35d1_rtp\Source\ARM\st
artup_ma35d1_rtp.s
      At line 329 in file ..\..\Library\Device\Nuvoton\ma35d1_rtp\Source\ARM\st
artup_ma35d1_rtp.s

BusFault_Handler 0000000E




ARM Macro Assembler    Page 2 Alphabetic symbol ordering
Relocatable symbols

Symbol: BusFault_Handler
   Definitions
      At line 220 in file ..\..\Library\Device\Nuvoton\ma35d1_rtp\Source\ARM\st
artup_ma35d1_rtp.s
   Uses
      At line 56 in file ..\..\Library\Device\Nuvoton\ma35d1_rtp\Source\ARM\sta
rtup_ma35d1_rtp.s
      At line 221 in file ..\..\Library\Device\Nuvoton\ma35d1_rtp\Source\ARM\st
artup_ma35d1_rtp.s

CANFD00_IRQHandler 0000001A

Symbol: CANFD00_IRQHandler
   Definitions
      At line 390 in file ..\..\Library\Device\Nuvoton\ma35d1_rtp\Source\ARM\st
artup_ma35d1_rtp.s
   Uses
      At line 116 in file ..\..\Library\Device\Nuvoton\ma35d1_rtp\Source\ARM\st
artup_ma35d1_rtp.s
      At line 288 in file ..\..\Library\Device\Nuvoton\ma35d1_rtp\Source\ARM\st
artup_ma35d1_rtp.s

CANFD01_IRQHandler 0000001A

Symbol: CANFD01_IRQHandler
   Definitions
      At line 449 in file ..\..\Library\Device\Nuvoton\ma35d1_rtp\Source\ARM\st
artup_ma35d1_rtp.s
   Uses
      At line 175 in file ..\..\Library\Device\Nuvoton\ma35d1_rtp\Source\ARM\st
artup_ma35d1_rtp.s
      At line 347 in file ..\..\Library\Device\Nuvoton\ma35d1_rtp\Source\ARM\st
artup_ma35d1_rtp.s

CANFD10_IRQHandler 0000001A

Symbol: CANFD10_IRQHandler
   Definitions
      At line 421 in file ..\..\Library\Device\Nuvoton\ma35d1_rtp\Source\ARM\st
artup_ma35d1_rtp.s
   Uses
      At line 147 in file ..\..\Library\Device\Nuvoton\ma35d1_rtp\Source\ARM\st
artup_ma35d1_rtp.s
      At line 319 in file ..\..\Library\Device\Nuvoton\ma35d1_rtp\Source\ARM\st
artup_ma35d1_rtp.s

CANFD11_IRQHandler 0000001A

Symbol: CANFD11_IRQHandler
   Definitions
      At line 450 in file ..\..\Library\Device\Nuvoton\ma35d1_rtp\Source\ARM\st
artup_ma35d1_rtp.s
   Uses
      At line 176 in file ..\..\Library\Device\Nuvoton\ma35d1_rtp\Source\ARM\st
artup_ma35d1_rtp.s
      At line 348 in file ..\..\Library\Device\Nuvoton\ma35d1_rtp\Source\ARM\st
artup_ma35d1_rtp.s

CANFD20_IRQHandler 0000001A



ARM Macro Assembler    Page 3 Alphabetic symbol ordering
Relocatable symbols


Symbol: CANFD20_IRQHandler
   Definitions
      At line 446 in file ..\..\Library\Device\Nuvoton\ma35d1_rtp\Source\ARM\st
artup_ma35d1_rtp.s
   Uses
      At line 172 in file ..\..\Library\Device\Nuvoton\ma35d1_rtp\Source\ARM\st
artup_ma35d1_rtp.s
      At line 344 in file ..\..\Library\Device\Nuvoton\ma35d1_rtp\Source\ARM\st
artup_ma35d1_rtp.s

CANFD21_IRQHandler 0000001A

Symbol: CANFD21_IRQHandler
   Definitions
      At line 451 in file ..\..\Library\Device\Nuvoton\ma35d1_rtp\Source\ARM\st
artup_ma35d1_rtp.s
   Uses
      At line 177 in file ..\..\Library\Device\Nuvoton\ma35d1_rtp\Source\ARM\st
artup_ma35d1_rtp.s
      At line 349 in file ..\..\Library\Device\Nuvoton\ma35d1_rtp\Source\ARM\st
artup_ma35d1_rtp.s

CANFD30_IRQHandler 0000001A

Symbol: CANFD30_IRQHandler
   Definitions
      At line 447 in file ..\..\Library\Device\Nuvoton\ma35d1_rtp\Source\ARM\st
artup_ma35d1_rtp.s
   Uses
      At line 173 in file ..\..\Library\Device\Nuvoton\ma35d1_rtp\Source\ARM\st
artup_ma35d1_rtp.s
      At line 345 in file ..\..\Library\Device\Nuvoton\ma35d1_rtp\Source\ARM\st
artup_ma35d1_rtp.s

CANFD31_IRQHandler 0000001A

Symbol: CANFD31_IRQHandler
   Definitions
      At line 452 in file ..\..\Library\Device\Nuvoton\ma35d1_rtp\Source\ARM\st
artup_ma35d1_rtp.s
   Uses
      At line 178 in file ..\..\Library\Device\Nuvoton\ma35d1_rtp\Source\ARM\st
artup_ma35d1_rtp.s
      At line 350 in file ..\..\Library\Device\Nuvoton\ma35d1_rtp\Source\ARM\st
artup_ma35d1_rtp.s

CKFAIL_IRQHandler 0000001A

Symbol: CKFAIL_IRQHandler
   Definitions
      At line 356 in file ..\..\Library\Device\Nuvoton\ma35d1_rtp\Source\ARM\st
artup_ma35d1_rtp.s
   Uses
      At line 73 in file ..\..\Library\Device\Nuvoton\ma35d1_rtp\Source\ARM\sta
rtup_ma35d1_rtp.s
      At line 254 in file ..\..\Library\Device\Nuvoton\ma35d1_rtp\Source\ARM\st
artup_ma35d1_rtp.s




ARM Macro Assembler    Page 4 Alphabetic symbol ordering
Relocatable symbols

DebugMon_Handler 00000014

Symbol: DebugMon_Handler
   Definitions
      At line 234 in file ..\..\Library\Device\Nuvoton\ma35d1_rtp\Source\ARM\st
artup_ma35d1_rtp.s
   Uses
      At line 63 in file ..\..\Library\Device\Nuvoton\ma35d1_rtp\Source\ARM\sta
rtup_ma35d1_rtp.s
      At line 235 in file ..\..\Library\Device\Nuvoton\ma35d1_rtp\Source\ARM\st
artup_ma35d1_rtp.s

Default_Handler 0000001A

Symbol: Default_Handler
   Definitions
      At line 249 in file ..\..\Library\Device\Nuvoton\ma35d1_rtp\Source\ARM\st
artup_ma35d1_rtp.s
   Uses
      At line 70 in file ..\..\Library\Device\Nuvoton\ma35d1_rtp\Source\ARM\sta
rtup_ma35d1_rtp.s
      At line 83 in file ..\..\Library\Device\Nuvoton\ma35d1_rtp\Source\ARM\sta
rtup_ma35d1_rtp.s
      At line 84 in file ..\..\Library\Device\Nuvoton\ma35d1_rtp\Source\ARM\sta
rtup_ma35d1_rtp.s
      At line 89 in file ..\..\Library\Device\Nuvoton\ma35d1_rtp\Source\ARM\sta
rtup_ma35d1_rtp.s
      At line 90 in file ..\..\Library\Device\Nuvoton\ma35d1_rtp\Source\ARM\sta
rtup_ma35d1_rtp.s
      At line 99 in file ..\..\Library\Device\Nuvoton\ma35d1_rtp\Source\ARM\sta
rtup_ma35d1_rtp.s
      At line 101 in file ..\..\Library\Device\Nuvoton\ma35d1_rtp\Source\ARM\st
artup_ma35d1_rtp.s
      At line 102 in file ..\..\Library\Device\Nuvoton\ma35d1_rtp\Source\ARM\st
artup_ma35d1_rtp.s
      At line 103 in file ..\..\Library\Device\Nuvoton\ma35d1_rtp\Source\ARM\st
artup_ma35d1_rtp.s
      At line 113 in file ..\..\Library\Device\Nuvoton\ma35d1_rtp\Source\ARM\st
artup_ma35d1_rtp.s

EADC00_IRQHandler 0000001A

Symbol: EADC00_IRQHandler
   Definitions
      At line 384 in file ..\..\Library\Device\Nuvoton\ma35d1_rtp\Source\ARM\st
artup_ma35d1_rtp.s
   Uses
      At line 109 in file ..\..\Library\Device\Nuvoton\ma35d1_rtp\Source\ARM\st
artup_ma35d1_rtp.s
      At line 282 in file ..\..\Library\Device\Nuvoton\ma35d1_rtp\Source\ARM\st
artup_ma35d1_rtp.s

EADC01_IRQHandler 0000001A

Symbol: EADC01_IRQHandler
   Definitions
      At line 385 in file ..\..\Library\Device\Nuvoton\ma35d1_rtp\Source\ARM\st
artup_ma35d1_rtp.s
   Uses



ARM Macro Assembler    Page 5 Alphabetic symbol ordering
Relocatable symbols

      At line 110 in file ..\..\Library\Device\Nuvoton\ma35d1_rtp\Source\ARM\st
artup_ma35d1_rtp.s
      At line 283 in file ..\..\Library\Device\Nuvoton\ma35d1_rtp\Source\ARM\st
artup_ma35d1_rtp.s

EADC02_IRQHandler 0000001A

Symbol: EADC02_IRQHandler
   Definitions
      At line 386 in file ..\..\Library\Device\Nuvoton\ma35d1_rtp\Source\ARM\st
artup_ma35d1_rtp.s
   Uses
      At line 111 in file ..\..\Library\Device\Nuvoton\ma35d1_rtp\Source\ARM\st
artup_ma35d1_rtp.s
      At line 284 in file ..\..\Library\Device\Nuvoton\ma35d1_rtp\Source\ARM\st
artup_ma35d1_rtp.s

EADC03_IRQHandler 0000001A

Symbol: EADC03_IRQHandler
   Definitions
      At line 387 in file ..\..\Library\Device\Nuvoton\ma35d1_rtp\Source\ARM\st
artup_ma35d1_rtp.s
   Uses
      At line 112 in file ..\..\Library\Device\Nuvoton\ma35d1_rtp\Source\ARM\st
artup_ma35d1_rtp.s
      At line 285 in file ..\..\Library\Device\Nuvoton\ma35d1_rtp\Source\ARM\st
artup_ma35d1_rtp.s

ECAP0_IRQHandler 0000001A

Symbol: ECAP0_IRQHandler
   Definitions
      At line 377 in file ..\..\Library\Device\Nuvoton\ma35d1_rtp\Source\ARM\st
artup_ma35d1_rtp.s
   Uses
      At line 98 in file ..\..\Library\Device\Nuvoton\ma35d1_rtp\Source\ARM\sta
rtup_ma35d1_rtp.s
      At line 275 in file ..\..\Library\Device\Nuvoton\ma35d1_rtp\Source\ARM\st
artup_ma35d1_rtp.s

ECAP1_IRQHandler 0000001A

Symbol: ECAP1_IRQHandler
   Definitions
      At line 407 in file ..\..\Library\Device\Nuvoton\ma35d1_rtp\Source\ARM\st
artup_ma35d1_rtp.s
   Uses
      At line 133 in file ..\..\Library\Device\Nuvoton\ma35d1_rtp\Source\ARM\st
artup_ma35d1_rtp.s
      At line 305 in file ..\..\Library\Device\Nuvoton\ma35d1_rtp\Source\ARM\st
artup_ma35d1_rtp.s

ECAP2_IRQHandler 0000001A

Symbol: ECAP2_IRQHandler
   Definitions
      At line 436 in file ..\..\Library\Device\Nuvoton\ma35d1_rtp\Source\ARM\st
artup_ma35d1_rtp.s



ARM Macro Assembler    Page 6 Alphabetic symbol ordering
Relocatable symbols

   Uses
      At line 162 in file ..\..\Library\Device\Nuvoton\ma35d1_rtp\Source\ARM\st
artup_ma35d1_rtp.s
      At line 334 in file ..\..\Library\Device\Nuvoton\ma35d1_rtp\Source\ARM\st
artup_ma35d1_rtp.s

EINT0_IRQHandler 0000001A

Symbol: EINT0_IRQHandler
   Definitions
      At line 362 in file ..\..\Library\Device\Nuvoton\ma35d1_rtp\Source\ARM\st
artup_ma35d1_rtp.s
   Uses
      At line 79 in file ..\..\Library\Device\Nuvoton\ma35d1_rtp\Source\ARM\sta
rtup_ma35d1_rtp.s
      At line 260 in file ..\..\Library\Device\Nuvoton\ma35d1_rtp\Source\ARM\st
artup_ma35d1_rtp.s

EINT1_IRQHandler 0000001A

Symbol: EINT1_IRQHandler
   Definitions
      At line 363 in file ..\..\Library\Device\Nuvoton\ma35d1_rtp\Source\ARM\st
artup_ma35d1_rtp.s
   Uses
      At line 80 in file ..\..\Library\Device\Nuvoton\ma35d1_rtp\Source\ARM\sta
rtup_ma35d1_rtp.s
      At line 261 in file ..\..\Library\Device\Nuvoton\ma35d1_rtp\Source\ARM\st
artup_ma35d1_rtp.s

EINT2_IRQHandler 0000001A

Symbol: EINT2_IRQHandler
   Definitions
      At line 364 in file ..\..\Library\Device\Nuvoton\ma35d1_rtp\Source\ARM\st
artup_ma35d1_rtp.s
   Uses
      At line 81 in file ..\..\Library\Device\Nuvoton\ma35d1_rtp\Source\ARM\sta
rtup_ma35d1_rtp.s
      At line 262 in file ..\..\Library\Device\Nuvoton\ma35d1_rtp\Source\ARM\st
artup_ma35d1_rtp.s

EINT3_IRQHandler 0000001A

Symbol: EINT3_IRQHandler
   Definitions
      At line 365 in file ..\..\Library\Device\Nuvoton\ma35d1_rtp\Source\ARM\st
artup_ma35d1_rtp.s
   Uses
      At line 82 in file ..\..\Library\Device\Nuvoton\ma35d1_rtp\Source\ARM\sta
rtup_ma35d1_rtp.s
      At line 263 in file ..\..\Library\Device\Nuvoton\ma35d1_rtp\Source\ARM\st
artup_ma35d1_rtp.s

EPWM0P0_IRQHandler 0000001A

Symbol: EPWM0P0_IRQHandler
   Definitions
      At line 373 in file ..\..\Library\Device\Nuvoton\ma35d1_rtp\Source\ARM\st



ARM Macro Assembler    Page 7 Alphabetic symbol ordering
Relocatable symbols

artup_ma35d1_rtp.s
   Uses
      At line 94 in file ..\..\Library\Device\Nuvoton\ma35d1_rtp\Source\ARM\sta
rtup_ma35d1_rtp.s
      At line 271 in file ..\..\Library\Device\Nuvoton\ma35d1_rtp\Source\ARM\st
artup_ma35d1_rtp.s

EPWM0P1_IRQHandler 0000001A

Symbol: EPWM0P1_IRQHandler
   Definitions
      At line 374 in file ..\..\Library\Device\Nuvoton\ma35d1_rtp\Source\ARM\st
artup_ma35d1_rtp.s
   Uses
      At line 95 in file ..\..\Library\Device\Nuvoton\ma35d1_rtp\Source\ARM\sta
rtup_ma35d1_rtp.s
      At line 272 in file ..\..\Library\Device\Nuvoton\ma35d1_rtp\Source\ARM\st
artup_ma35d1_rtp.s

EPWM0P2_IRQHandler 0000001A

Symbol: EPWM0P2_IRQHandler
   Definitions
      At line 375 in file ..\..\Library\Device\Nuvoton\ma35d1_rtp\Source\ARM\st
artup_ma35d1_rtp.s
   Uses
      At line 96 in file ..\..\Library\Device\Nuvoton\ma35d1_rtp\Source\ARM\sta
rtup_ma35d1_rtp.s
      At line 273 in file ..\..\Library\Device\Nuvoton\ma35d1_rtp\Source\ARM\st
artup_ma35d1_rtp.s

EPWM1P0_IRQHandler 0000001A

Symbol: EPWM1P0_IRQHandler
   Definitions
      At line 403 in file ..\..\Library\Device\Nuvoton\ma35d1_rtp\Source\ARM\st
artup_ma35d1_rtp.s
   Uses
      At line 129 in file ..\..\Library\Device\Nuvoton\ma35d1_rtp\Source\ARM\st
artup_ma35d1_rtp.s
      At line 301 in file ..\..\Library\Device\Nuvoton\ma35d1_rtp\Source\ARM\st
artup_ma35d1_rtp.s

EPWM1P1_IRQHandler 0000001A

Symbol: EPWM1P1_IRQHandler
   Definitions
      At line 404 in file ..\..\Library\Device\Nuvoton\ma35d1_rtp\Source\ARM\st
artup_ma35d1_rtp.s
   Uses
      At line 130 in file ..\..\Library\Device\Nuvoton\ma35d1_rtp\Source\ARM\st
artup_ma35d1_rtp.s
      At line 302 in file ..\..\Library\Device\Nuvoton\ma35d1_rtp\Source\ARM\st
artup_ma35d1_rtp.s

EPWM1P2_IRQHandler 0000001A

Symbol: EPWM1P2_IRQHandler
   Definitions



ARM Macro Assembler    Page 8 Alphabetic symbol ordering
Relocatable symbols

      At line 405 in file ..\..\Library\Device\Nuvoton\ma35d1_rtp\Source\ARM\st
artup_ma35d1_rtp.s
   Uses
      At line 131 in file ..\..\Library\Device\Nuvoton\ma35d1_rtp\Source\ARM\st
artup_ma35d1_rtp.s
      At line 303 in file ..\..\Library\Device\Nuvoton\ma35d1_rtp\Source\ARM\st
artup_ma35d1_rtp.s

EPWM2P0_IRQHandle 0000001A

Symbol: EPWM2P0_IRQHandle
   Definitions
      At line 432 in file ..\..\Library\Device\Nuvoton\ma35d1_rtp\Source\ARM\st
artup_ma35d1_rtp.s
   Uses
      At line 158 in file ..\..\Library\Device\Nuvoton\ma35d1_rtp\Source\ARM\st
artup_ma35d1_rtp.s
      At line 330 in file ..\..\Library\Device\Nuvoton\ma35d1_rtp\Source\ARM\st
artup_ma35d1_rtp.s

EPWM2P1_IRQHandle 0000001A

Symbol: EPWM2P1_IRQHandle
   Definitions
      At line 433 in file ..\..\Library\Device\Nuvoton\ma35d1_rtp\Source\ARM\st
artup_ma35d1_rtp.s
   Uses
      At line 159 in file ..\..\Library\Device\Nuvoton\ma35d1_rtp\Source\ARM\st
artup_ma35d1_rtp.s
      At line 331 in file ..\..\Library\Device\Nuvoton\ma35d1_rtp\Source\ARM\st
artup_ma35d1_rtp.s

EPWM2P2_IRQHandle 0000001A

Symbol: EPWM2P2_IRQHandle
   Definitions
      At line 434 in file ..\..\Library\Device\Nuvoton\ma35d1_rtp\Source\ARM\st
artup_ma35d1_rtp.s
   Uses
      At line 160 in file ..\..\Library\Device\Nuvoton\ma35d1_rtp\Source\ARM\st
artup_ma35d1_rtp.s
      At line 332 in file ..\..\Library\Device\Nuvoton\ma35d1_rtp\Source\ARM\st
artup_ma35d1_rtp.s

GPA_IRQHandler 0000001A

Symbol: GPA_IRQHandler
   Definitions
      At line 366 in file ..\..\Library\Device\Nuvoton\ma35d1_rtp\Source\ARM\st
artup_ma35d1_rtp.s
   Uses
      At line 85 in file ..\..\Library\Device\Nuvoton\ma35d1_rtp\Source\ARM\sta
rtup_ma35d1_rtp.s
      At line 264 in file ..\..\Library\Device\Nuvoton\ma35d1_rtp\Source\ARM\st
artup_ma35d1_rtp.s

GPB_IRQHandler 0000001A

Symbol: GPB_IRQHandler



ARM Macro Assembler    Page 9 Alphabetic symbol ordering
Relocatable symbols

   Definitions
      At line 367 in file ..\..\Library\Device\Nuvoton\ma35d1_rtp\Source\ARM\st
artup_ma35d1_rtp.s
   Uses
      At line 86 in file ..\..\Library\Device\Nuvoton\ma35d1_rtp\Source\ARM\sta
rtup_ma35d1_rtp.s
      At line 265 in file ..\..\Library\Device\Nuvoton\ma35d1_rtp\Source\ARM\st
artup_ma35d1_rtp.s

GPC_IRQHandler 0000001A

Symbol: GPC_IRQHandler
   Definitions
      At line 368 in file ..\..\Library\Device\Nuvoton\ma35d1_rtp\Source\ARM\st
artup_ma35d1_rtp.s
   Uses
      At line 87 in file ..\..\Library\Device\Nuvoton\ma35d1_rtp\Source\ARM\sta
rtup_ma35d1_rtp.s
      At line 266 in file ..\..\Library\Device\Nuvoton\ma35d1_rtp\Source\ARM\st
artup_ma35d1_rtp.s

GPD_IRQHandler 0000001A

Symbol: GPD_IRQHandler
   Definitions
      At line 369 in file ..\..\Library\Device\Nuvoton\ma35d1_rtp\Source\ARM\st
artup_ma35d1_rtp.s
   Uses
      At line 88 in file ..\..\Library\Device\Nuvoton\ma35d1_rtp\Source\ARM\sta
rtup_ma35d1_rtp.s
      At line 267 in file ..\..\Library\Device\Nuvoton\ma35d1_rtp\Source\ARM\st
artup_ma35d1_rtp.s

GPE_IRQHandler 0000001A

Symbol: GPE_IRQHandler
   Definitions
      At line 392 in file ..\..\Library\Device\Nuvoton\ma35d1_rtp\Source\ARM\st
artup_ma35d1_rtp.s
   Uses
      At line 118 in file ..\..\Library\Device\Nuvoton\ma35d1_rtp\Source\ARM\st
artup_ma35d1_rtp.s
      At line 290 in file ..\..\Library\Device\Nuvoton\ma35d1_rtp\Source\ARM\st
artup_ma35d1_rtp.s

GPF_IRQHandler 0000001A

Symbol: GPF_IRQHandler
   Definitions
      At line 393 in file ..\..\Library\Device\Nuvoton\ma35d1_rtp\Source\ARM\st
artup_ma35d1_rtp.s
   Uses
      At line 119 in file ..\..\Library\Device\Nuvoton\ma35d1_rtp\Source\ARM\st
artup_ma35d1_rtp.s
      At line 291 in file ..\..\Library\Device\Nuvoton\ma35d1_rtp\Source\ARM\st
artup_ma35d1_rtp.s

GPG_IRQHandler 0000001A




ARM Macro Assembler    Page 10 Alphabetic symbol ordering
Relocatable symbols

Symbol: GPG_IRQHandler
   Definitions
      At line 394 in file ..\..\Library\Device\Nuvoton\ma35d1_rtp\Source\ARM\st
artup_ma35d1_rtp.s
   Uses
      At line 120 in file ..\..\Library\Device\Nuvoton\ma35d1_rtp\Source\ARM\st
artup_ma35d1_rtp.s
      At line 292 in file ..\..\Library\Device\Nuvoton\ma35d1_rtp\Source\ARM\st
artup_ma35d1_rtp.s

GPH_IRQHandler 0000001A

Symbol: GPH_IRQHandler
   Definitions
      At line 395 in file ..\..\Library\Device\Nuvoton\ma35d1_rtp\Source\ARM\st
artup_ma35d1_rtp.s
   Uses
      At line 121 in file ..\..\Library\Device\Nuvoton\ma35d1_rtp\Source\ARM\st
artup_ma35d1_rtp.s
      At line 293 in file ..\..\Library\Device\Nuvoton\ma35d1_rtp\Source\ARM\st
artup_ma35d1_rtp.s

GPI_IRQHandler 0000001A

Symbol: GPI_IRQHandler
   Definitions
      At line 396 in file ..\..\Library\Device\Nuvoton\ma35d1_rtp\Source\ARM\st
artup_ma35d1_rtp.s
   Uses
      At line 122 in file ..\..\Library\Device\Nuvoton\ma35d1_rtp\Source\ARM\st
artup_ma35d1_rtp.s
      At line 294 in file ..\..\Library\Device\Nuvoton\ma35d1_rtp\Source\ARM\st
artup_ma35d1_rtp.s

GPJ_IRQHandler 0000001A

Symbol: GPJ_IRQHandler
   Definitions
      At line 397 in file ..\..\Library\Device\Nuvoton\ma35d1_rtp\Source\ARM\st
artup_ma35d1_rtp.s
   Uses
      At line 123 in file ..\..\Library\Device\Nuvoton\ma35d1_rtp\Source\ARM\st
artup_ma35d1_rtp.s
      At line 295 in file ..\..\Library\Device\Nuvoton\ma35d1_rtp\Source\ARM\st
artup_ma35d1_rtp.s

GPK_IRQHandler 0000001A

Symbol: GPK_IRQHandler
   Definitions
      At line 423 in file ..\..\Library\Device\Nuvoton\ma35d1_rtp\Source\ARM\st
artup_ma35d1_rtp.s
   Uses
      At line 149 in file ..\..\Library\Device\Nuvoton\ma35d1_rtp\Source\ARM\st
artup_ma35d1_rtp.s
      At line 321 in file ..\..\Library\Device\Nuvoton\ma35d1_rtp\Source\ARM\st
artup_ma35d1_rtp.s

GPL_IRQHandler 0000001A



ARM Macro Assembler    Page 11 Alphabetic symbol ordering
Relocatable symbols


Symbol: GPL_IRQHandler
   Definitions
      At line 424 in file ..\..\Library\Device\Nuvoton\ma35d1_rtp\Source\ARM\st
artup_ma35d1_rtp.s
   Uses
      At line 150 in file ..\..\Library\Device\Nuvoton\ma35d1_rtp\Source\ARM\st
artup_ma35d1_rtp.s
      At line 322 in file ..\..\Library\Device\Nuvoton\ma35d1_rtp\Source\ARM\st
artup_ma35d1_rtp.s

GPM_IRQHandler 0000001A

Symbol: GPM_IRQHandler
   Definitions
      At line 425 in file ..\..\Library\Device\Nuvoton\ma35d1_rtp\Source\ARM\st
artup_ma35d1_rtp.s
   Uses
      At line 151 in file ..\..\Library\Device\Nuvoton\ma35d1_rtp\Source\ARM\st
artup_ma35d1_rtp.s
      At line 323 in file ..\..\Library\Device\Nuvoton\ma35d1_rtp\Source\ARM\st
artup_ma35d1_rtp.s

GPN_IRQHandler 0000001A

Symbol: GPN_IRQHandler
   Definitions
      At line 426 in file ..\..\Library\Device\Nuvoton\ma35d1_rtp\Source\ARM\st
artup_ma35d1_rtp.s
   Uses
      At line 152 in file ..\..\Library\Device\Nuvoton\ma35d1_rtp\Source\ARM\st
artup_ma35d1_rtp.s
      At line 324 in file ..\..\Library\Device\Nuvoton\ma35d1_rtp\Source\ARM\st
artup_ma35d1_rtp.s

HWSEM0_IRQHandler 0000001A

Symbol: HWSEM0_IRQHandler
   Definitions
      At line 355 in file ..\..\Library\Device\Nuvoton\ma35d1_rtp\Source\ARM\st
artup_ma35d1_rtp.s
   Uses
      At line 72 in file ..\..\Library\Device\Nuvoton\ma35d1_rtp\Source\ARM\sta
rtup_ma35d1_rtp.s
      At line 253 in file ..\..\Library\Device\Nuvoton\ma35d1_rtp\Source\ARM\st
artup_ma35d1_rtp.s

HardFault_Handler 0000000A

Symbol: HardFault_Handler
   Definitions
      At line 210 in file ..\..\Library\Device\Nuvoton\ma35d1_rtp\Source\ARM\st
artup_ma35d1_rtp.s
   Uses
      At line 54 in file ..\..\Library\Device\Nuvoton\ma35d1_rtp\Source\ARM\sta
rtup_ma35d1_rtp.s
      At line 211 in file ..\..\Library\Device\Nuvoton\ma35d1_rtp\Source\ARM\st
artup_ma35d1_rtp.s




ARM Macro Assembler    Page 12 Alphabetic symbol ordering
Relocatable symbols

I2C1_IRQHandler 0000001A

Symbol: I2C1_IRQHandler
   Definitions
      At line 388 in file ..\..\Library\Device\Nuvoton\ma35d1_rtp\Source\ARM\st
artup_ma35d1_rtp.s
   Uses
      At line 114 in file ..\..\Library\Device\Nuvoton\ma35d1_rtp\Source\ARM\st
artup_ma35d1_rtp.s
      At line 286 in file ..\..\Library\Device\Nuvoton\ma35d1_rtp\Source\ARM\st
artup_ma35d1_rtp.s

I2C2_IRQHandler 0000001A

Symbol: I2C2_IRQHandler
   Definitions
      At line 418 in file ..\..\Library\Device\Nuvoton\ma35d1_rtp\Source\ARM\st
artup_ma35d1_rtp.s
   Uses
      At line 144 in file ..\..\Library\Device\Nuvoton\ma35d1_rtp\Source\ARM\st
artup_ma35d1_rtp.s
      At line 316 in file ..\..\Library\Device\Nuvoton\ma35d1_rtp\Source\ARM\st
artup_ma35d1_rtp.s

I2C3_IRQHandler 0000001A

Symbol: I2C3_IRQHandler
   Definitions
      At line 419 in file ..\..\Library\Device\Nuvoton\ma35d1_rtp\Source\ARM\st
artup_ma35d1_rtp.s
   Uses
      At line 145 in file ..\..\Library\Device\Nuvoton\ma35d1_rtp\Source\ARM\st
artup_ma35d1_rtp.s
      At line 317 in file ..\..\Library\Device\Nuvoton\ma35d1_rtp\Source\ARM\st
artup_ma35d1_rtp.s

I2C4_IRQHandler 0000001A

Symbol: I2C4_IRQHandler
   Definitions
      At line 444 in file ..\..\Library\Device\Nuvoton\ma35d1_rtp\Source\ARM\st
artup_ma35d1_rtp.s
   Uses
      At line 170 in file ..\..\Library\Device\Nuvoton\ma35d1_rtp\Source\ARM\st
artup_ma35d1_rtp.s
      At line 342 in file ..\..\Library\Device\Nuvoton\ma35d1_rtp\Source\ARM\st
artup_ma35d1_rtp.s

I2C5_IRQHandler 0000001A

Symbol: I2C5_IRQHandler
   Definitions
      At line 445 in file ..\..\Library\Device\Nuvoton\ma35d1_rtp\Source\ARM\st
artup_ma35d1_rtp.s
   Uses
      At line 171 in file ..\..\Library\Device\Nuvoton\ma35d1_rtp\Source\ARM\st
artup_ma35d1_rtp.s
      At line 343 in file ..\..\Library\Device\Nuvoton\ma35d1_rtp\Source\ARM\st
artup_ma35d1_rtp.s



ARM Macro Assembler    Page 13 Alphabetic symbol ordering
Relocatable symbols


I2S0_IRQHandler 0000001A

Symbol: I2S0_IRQHandler
   Definitions
      At line 389 in file ..\..\Library\Device\Nuvoton\ma35d1_rtp\Source\ARM\st
artup_ma35d1_rtp.s
   Uses
      At line 115 in file ..\..\Library\Device\Nuvoton\ma35d1_rtp\Source\ARM\st
artup_ma35d1_rtp.s
      At line 287 in file ..\..\Library\Device\Nuvoton\ma35d1_rtp\Source\ARM\st
artup_ma35d1_rtp.s

I2S1_IRQHandler 0000001A

Symbol: I2S1_IRQHandler
   Definitions
      At line 420 in file ..\..\Library\Device\Nuvoton\ma35d1_rtp\Source\ARM\st
artup_ma35d1_rtp.s
   Uses
      At line 146 in file ..\..\Library\Device\Nuvoton\ma35d1_rtp\Source\ARM\st
artup_ma35d1_rtp.s
      At line 318 in file ..\..\Library\Device\Nuvoton\ma35d1_rtp\Source\ARM\st
artup_ma35d1_rtp.s

KPI_IRQHandler 0000001A

Symbol: KPI_IRQHandler
   Definitions
      At line 448 in file ..\..\Library\Device\Nuvoton\ma35d1_rtp\Source\ARM\st
artup_ma35d1_rtp.s
   Uses
      At line 174 in file ..\..\Library\Device\Nuvoton\ma35d1_rtp\Source\ARM\st
artup_ma35d1_rtp.s
      At line 346 in file ..\..\Library\Device\Nuvoton\ma35d1_rtp\Source\ARM\st
artup_ma35d1_rtp.s

LVD_IRQHandler 0000001A

Symbol: LVD_IRQHandler
   Definitions
      At line 353 in file ..\..\Library\Device\Nuvoton\ma35d1_rtp\Source\ARM\st
artup_ma35d1_rtp.s
   Uses
      At line 69 in file ..\..\Library\Device\Nuvoton\ma35d1_rtp\Source\ARM\sta
rtup_ma35d1_rtp.s
      At line 251 in file ..\..\Library\Device\Nuvoton\ma35d1_rtp\Source\ARM\st
artup_ma35d1_rtp.s

MemManage_Handler 0000000C

Symbol: MemManage_Handler
   Definitions
      At line 215 in file ..\..\Library\Device\Nuvoton\ma35d1_rtp\Source\ARM\st
artup_ma35d1_rtp.s
   Uses
      At line 55 in file ..\..\Library\Device\Nuvoton\ma35d1_rtp\Source\ARM\sta
rtup_ma35d1_rtp.s
      At line 216 in file ..\..\Library\Device\Nuvoton\ma35d1_rtp\Source\ARM\st



ARM Macro Assembler    Page 14 Alphabetic symbol ordering
Relocatable symbols

artup_ma35d1_rtp.s

NMI_Handler 00000008

Symbol: NMI_Handler
   Definitions
      At line 205 in file ..\..\Library\Device\Nuvoton\ma35d1_rtp\Source\ARM\st
artup_ma35d1_rtp.s
   Uses
      At line 53 in file ..\..\Library\Device\Nuvoton\ma35d1_rtp\Source\ARM\sta
rtup_ma35d1_rtp.s
      At line 206 in file ..\..\Library\Device\Nuvoton\ma35d1_rtp\Source\ARM\st
artup_ma35d1_rtp.s

PDMA2_IRQHandler 0000001A

Symbol: PDMA2_IRQHandler
   Definitions
      At line 410 in file ..\..\Library\Device\Nuvoton\ma35d1_rtp\Source\ARM\st
artup_ma35d1_rtp.s
   Uses
      At line 136 in file ..\..\Library\Device\Nuvoton\ma35d1_rtp\Source\ARM\st
artup_ma35d1_rtp.s
      At line 308 in file ..\..\Library\Device\Nuvoton\ma35d1_rtp\Source\ARM\st
artup_ma35d1_rtp.s

PDMA3_IRQHandler 0000001A

Symbol: PDMA3_IRQHandler
   Definitions
      At line 411 in file ..\..\Library\Device\Nuvoton\ma35d1_rtp\Source\ARM\st
artup_ma35d1_rtp.s
   Uses
      At line 137 in file ..\..\Library\Device\Nuvoton\ma35d1_rtp\Source\ARM\st
artup_ma35d1_rtp.s
      At line 309 in file ..\..\Library\Device\Nuvoton\ma35d1_rtp\Source\ARM\st
artup_ma35d1_rtp.s

PWRWU_IRQHandler 0000001A

Symbol: PWRWU_IRQHandler
   Definitions
      At line 354 in file ..\..\Library\Device\Nuvoton\ma35d1_rtp\Source\ARM\st
artup_ma35d1_rtp.s
   Uses
      At line 71 in file ..\..\Library\Device\Nuvoton\ma35d1_rtp\Source\ARM\sta
rtup_ma35d1_rtp.s
      At line 252 in file ..\..\Library\Device\Nuvoton\ma35d1_rtp\Source\ARM\st
artup_ma35d1_rtp.s

PendSV_Handler 00000016

Symbol: PendSV_Handler
   Definitions
      At line 239 in file ..\..\Library\Device\Nuvoton\ma35d1_rtp\Source\ARM\st
artup_ma35d1_rtp.s
   Uses
      At line 65 in file ..\..\Library\Device\Nuvoton\ma35d1_rtp\Source\ARM\sta
rtup_ma35d1_rtp.s



ARM Macro Assembler    Page 15 Alphabetic symbol ordering
Relocatable symbols

      At line 240 in file ..\..\Library\Device\Nuvoton\ma35d1_rtp\Source\ARM\st
artup_ma35d1_rtp.s

QEI0_IRQHandler 0000001A

Symbol: QEI0_IRQHandler
   Definitions
      At line 376 in file ..\..\Library\Device\Nuvoton\ma35d1_rtp\Source\ARM\st
artup_ma35d1_rtp.s
   Uses
      At line 97 in file ..\..\Library\Device\Nuvoton\ma35d1_rtp\Source\ARM\sta
rtup_ma35d1_rtp.s
      At line 274 in file ..\..\Library\Device\Nuvoton\ma35d1_rtp\Source\ARM\st
artup_ma35d1_rtp.s

QEI1_IRQHandler 0000001A

Symbol: QEI1_IRQHandler
   Definitions
      At line 406 in file ..\..\Library\Device\Nuvoton\ma35d1_rtp\Source\ARM\st
artup_ma35d1_rtp.s
   Uses
      At line 132 in file ..\..\Library\Device\Nuvoton\ma35d1_rtp\Source\ARM\st
artup_ma35d1_rtp.s
      At line 304 in file ..\..\Library\Device\Nuvoton\ma35d1_rtp\Source\ARM\st
artup_ma35d1_rtp.s

QEI2_IRQHandler 0000001A

Symbol: QEI2_IRQHandler
   Definitions
      At line 435 in file ..\..\Library\Device\Nuvoton\ma35d1_rtp\Source\ARM\st
artup_ma35d1_rtp.s
   Uses
      At line 161 in file ..\..\Library\Device\Nuvoton\ma35d1_rtp\Source\ARM\st
artup_ma35d1_rtp.s
      At line 333 in file ..\..\Library\Device\Nuvoton\ma35d1_rtp\Source\ARM\st
artup_ma35d1_rtp.s

QSPI1_IRQHandler 0000001A

Symbol: QSPI1_IRQHandler
   Definitions
      At line 378 in file ..\..\Library\Device\Nuvoton\ma35d1_rtp\Source\ARM\st
artup_ma35d1_rtp.s
   Uses
      At line 100 in file ..\..\Library\Device\Nuvoton\ma35d1_rtp\Source\ARM\st
artup_ma35d1_rtp.s
      At line 276 in file ..\..\Library\Device\Nuvoton\ma35d1_rtp\Source\ARM\st
artup_ma35d1_rtp.s

RTC_IRQHandler 0000001A

Symbol: RTC_IRQHandler
   Definitions
      At line 358 in file ..\..\Library\Device\Nuvoton\ma35d1_rtp\Source\ARM\st
artup_ma35d1_rtp.s
   Uses
      At line 75 in file ..\..\Library\Device\Nuvoton\ma35d1_rtp\Source\ARM\sta



ARM Macro Assembler    Page 16 Alphabetic symbol ordering
Relocatable symbols

rtup_ma35d1_rtp.s
      At line 256 in file ..\..\Library\Device\Nuvoton\ma35d1_rtp\Source\ARM\st
artup_ma35d1_rtp.s

Reset_Handler 00000000

Symbol: Reset_Handler
   Definitions
      At line 189 in file ..\..\Library\Device\Nuvoton\ma35d1_rtp\Source\ARM\st
artup_ma35d1_rtp.s
   Uses
      At line 52 in file ..\..\Library\Device\Nuvoton\ma35d1_rtp\Source\ARM\sta
rtup_ma35d1_rtp.s
      At line 190 in file ..\..\Library\Device\Nuvoton\ma35d1_rtp\Source\ARM\st
artup_ma35d1_rtp.s

SC0_IRQHandler 0000001A

Symbol: SC0_IRQHandler
   Definitions
      At line 391 in file ..\..\Library\Device\Nuvoton\ma35d1_rtp\Source\ARM\st
artup_ma35d1_rtp.s
   Uses
      At line 117 in file ..\..\Library\Device\Nuvoton\ma35d1_rtp\Source\ARM\st
artup_ma35d1_rtp.s
      At line 289 in file ..\..\Library\Device\Nuvoton\ma35d1_rtp\Source\ARM\st
artup_ma35d1_rtp.s

SC1_IRQHandler 0000001A

Symbol: SC1_IRQHandler
   Definitions
      At line 422 in file ..\..\Library\Device\Nuvoton\ma35d1_rtp\Source\ARM\st
artup_ma35d1_rtp.s
   Uses
      At line 148 in file ..\..\Library\Device\Nuvoton\ma35d1_rtp\Source\ARM\st
artup_ma35d1_rtp.s
      At line 320 in file ..\..\Library\Device\Nuvoton\ma35d1_rtp\Source\ARM\st
artup_ma35d1_rtp.s

SPI0_IRQHandler 0000001A

Symbol: SPI0_IRQHandler
   Definitions
      At line 408 in file ..\..\Library\Device\Nuvoton\ma35d1_rtp\Source\ARM\st
artup_ma35d1_rtp.s
   Uses
      At line 134 in file ..\..\Library\Device\Nuvoton\ma35d1_rtp\Source\ARM\st
artup_ma35d1_rtp.s
      At line 306 in file ..\..\Library\Device\Nuvoton\ma35d1_rtp\Source\ARM\st
artup_ma35d1_rtp.s

SPI1_IRQHandler 0000001A

Symbol: SPI1_IRQHandler
   Definitions
      At line 409 in file ..\..\Library\Device\Nuvoton\ma35d1_rtp\Source\ARM\st
artup_ma35d1_rtp.s
   Uses



ARM Macro Assembler    Page 17 Alphabetic symbol ordering
Relocatable symbols

      At line 135 in file ..\..\Library\Device\Nuvoton\ma35d1_rtp\Source\ARM\st
artup_ma35d1_rtp.s
      At line 307 in file ..\..\Library\Device\Nuvoton\ma35d1_rtp\Source\ARM\st
artup_ma35d1_rtp.s

SPI2_IRQHandler 0000001A

Symbol: SPI2_IRQHandler
   Definitions
      At line 437 in file ..\..\Library\Device\Nuvoton\ma35d1_rtp\Source\ARM\st
artup_ma35d1_rtp.s
   Uses
      At line 163 in file ..\..\Library\Device\Nuvoton\ma35d1_rtp\Source\ARM\st
artup_ma35d1_rtp.s
      At line 335 in file ..\..\Library\Device\Nuvoton\ma35d1_rtp\Source\ARM\st
artup_ma35d1_rtp.s

SPI3_IRQHandler 0000001A

Symbol: SPI3_IRQHandler
   Definitions
      At line 438 in file ..\..\Library\Device\Nuvoton\ma35d1_rtp\Source\ARM\st
artup_ma35d1_rtp.s
   Uses
      At line 164 in file ..\..\Library\Device\Nuvoton\ma35d1_rtp\Source\ARM\st
artup_ma35d1_rtp.s
      At line 336 in file ..\..\Library\Device\Nuvoton\ma35d1_rtp\Source\ARM\st
artup_ma35d1_rtp.s

SVC_Handler 00000012

Symbol: SVC_Handler
   Definitions
      At line 229 in file ..\..\Library\Device\Nuvoton\ma35d1_rtp\Source\ARM\st
artup_ma35d1_rtp.s
   Uses
      At line 62 in file ..\..\Library\Device\Nuvoton\ma35d1_rtp\Source\ARM\sta
rtup_ma35d1_rtp.s
      At line 230 in file ..\..\Library\Device\Nuvoton\ma35d1_rtp\Source\ARM\st
artup_ma35d1_rtp.s

SysTick_Handler 00000018

Symbol: SysTick_Handler
   Definitions
      At line 244 in file ..\..\Library\Device\Nuvoton\ma35d1_rtp\Source\ARM\st
artup_ma35d1_rtp.s
   Uses
      At line 66 in file ..\..\Library\Device\Nuvoton\ma35d1_rtp\Source\ARM\sta
rtup_ma35d1_rtp.s
      At line 245 in file ..\..\Library\Device\Nuvoton\ma35d1_rtp\Source\ARM\st
artup_ma35d1_rtp.s

TAMPER_IRQHandler 0000001A

Symbol: TAMPER_IRQHandler
   Definitions
      At line 359 in file ..\..\Library\Device\Nuvoton\ma35d1_rtp\Source\ARM\st
artup_ma35d1_rtp.s



ARM Macro Assembler    Page 18 Alphabetic symbol ordering
Relocatable symbols

   Uses
      At line 76 in file ..\..\Library\Device\Nuvoton\ma35d1_rtp\Source\ARM\sta
rtup_ma35d1_rtp.s
      At line 257 in file ..\..\Library\Device\Nuvoton\ma35d1_rtp\Source\ARM\st
artup_ma35d1_rtp.s

TMR10_IRQHandler 0000001A

Symbol: TMR10_IRQHandler
   Definitions
      At line 429 in file ..\..\Library\Device\Nuvoton\ma35d1_rtp\Source\ARM\st
artup_ma35d1_rtp.s
   Uses
      At line 155 in file ..\..\Library\Device\Nuvoton\ma35d1_rtp\Source\ARM\st
artup_ma35d1_rtp.s
      At line 327 in file ..\..\Library\Device\Nuvoton\ma35d1_rtp\Source\ARM\st
artup_ma35d1_rtp.s

TMR11_IRQHandler 0000001A

Symbol: TMR11_IRQHandler
   Definitions
      At line 430 in file ..\..\Library\Device\Nuvoton\ma35d1_rtp\Source\ARM\st
artup_ma35d1_rtp.s
   Uses
      At line 156 in file ..\..\Library\Device\Nuvoton\ma35d1_rtp\Source\ARM\st
artup_ma35d1_rtp.s
      At line 328 in file ..\..\Library\Device\Nuvoton\ma35d1_rtp\Source\ARM\st
artup_ma35d1_rtp.s

TMR2_IRQHandler 0000001A

Symbol: TMR2_IRQHandler
   Definitions
      At line 370 in file ..\..\Library\Device\Nuvoton\ma35d1_rtp\Source\ARM\st
artup_ma35d1_rtp.s
   Uses
      At line 91 in file ..\..\Library\Device\Nuvoton\ma35d1_rtp\Source\ARM\sta
rtup_ma35d1_rtp.s
      At line 268 in file ..\..\Library\Device\Nuvoton\ma35d1_rtp\Source\ARM\st
artup_ma35d1_rtp.s

TMR3_IRQHandler 0000001A

Symbol: TMR3_IRQHandler
   Definitions
      At line 371 in file ..\..\Library\Device\Nuvoton\ma35d1_rtp\Source\ARM\st
artup_ma35d1_rtp.s
   Uses
      At line 92 in file ..\..\Library\Device\Nuvoton\ma35d1_rtp\Source\ARM\sta
rtup_ma35d1_rtp.s
      At line 269 in file ..\..\Library\Device\Nuvoton\ma35d1_rtp\Source\ARM\st
artup_ma35d1_rtp.s

TMR4_IRQHandler 0000001A

Symbol: TMR4_IRQHandler
   Definitions
      At line 398 in file ..\..\Library\Device\Nuvoton\ma35d1_rtp\Source\ARM\st



ARM Macro Assembler    Page 19 Alphabetic symbol ordering
Relocatable symbols

artup_ma35d1_rtp.s
   Uses
      At line 124 in file ..\..\Library\Device\Nuvoton\ma35d1_rtp\Source\ARM\st
artup_ma35d1_rtp.s
      At line 296 in file ..\..\Library\Device\Nuvoton\ma35d1_rtp\Source\ARM\st
artup_ma35d1_rtp.s

TMR5_IRQHandler 0000001A

Symbol: TMR5_IRQHandler
   Definitions
      At line 399 in file ..\..\Library\Device\Nuvoton\ma35d1_rtp\Source\ARM\st
artup_ma35d1_rtp.s
   Uses
      At line 125 in file ..\..\Library\Device\Nuvoton\ma35d1_rtp\Source\ARM\st
artup_ma35d1_rtp.s
      At line 297 in file ..\..\Library\Device\Nuvoton\ma35d1_rtp\Source\ARM\st
artup_ma35d1_rtp.s

TMR6_IRQHandler 0000001A

Symbol: TMR6_IRQHandler
   Definitions
      At line 400 in file ..\..\Library\Device\Nuvoton\ma35d1_rtp\Source\ARM\st
artup_ma35d1_rtp.s
   Uses
      At line 126 in file ..\..\Library\Device\Nuvoton\ma35d1_rtp\Source\ARM\st
artup_ma35d1_rtp.s
      At line 298 in file ..\..\Library\Device\Nuvoton\ma35d1_rtp\Source\ARM\st
artup_ma35d1_rtp.s

TMR7_IRQHandler 0000001A

Symbol: TMR7_IRQHandler
   Definitions
      At line 401 in file ..\..\Library\Device\Nuvoton\ma35d1_rtp\Source\ARM\st
artup_ma35d1_rtp.s
   Uses
      At line 127 in file ..\..\Library\Device\Nuvoton\ma35d1_rtp\Source\ARM\st
artup_ma35d1_rtp.s
      At line 299 in file ..\..\Library\Device\Nuvoton\ma35d1_rtp\Source\ARM\st
artup_ma35d1_rtp.s

TMR8_IRQHandler 0000001A

Symbol: TMR8_IRQHandler
   Definitions
      At line 427 in file ..\..\Library\Device\Nuvoton\ma35d1_rtp\Source\ARM\st
artup_ma35d1_rtp.s
   Uses
      At line 153 in file ..\..\Library\Device\Nuvoton\ma35d1_rtp\Source\ARM\st
artup_ma35d1_rtp.s
      At line 325 in file ..\..\Library\Device\Nuvoton\ma35d1_rtp\Source\ARM\st
artup_ma35d1_rtp.s

TMR9_IRQHandler 0000001A

Symbol: TMR9_IRQHandler
   Definitions



ARM Macro Assembler    Page 20 Alphabetic symbol ordering
Relocatable symbols

      At line 428 in file ..\..\Library\Device\Nuvoton\ma35d1_rtp\Source\ARM\st
artup_ma35d1_rtp.s
   Uses
      At line 154 in file ..\..\Library\Device\Nuvoton\ma35d1_rtp\Source\ARM\st
artup_ma35d1_rtp.s
      At line 326 in file ..\..\Library\Device\Nuvoton\ma35d1_rtp\Source\ARM\st
artup_ma35d1_rtp.s

UART10_IRQHandler 0000001A

Symbol: UART10_IRQHandler
   Definitions
      At line 416 in file ..\..\Library\Device\Nuvoton\ma35d1_rtp\Source\ARM\st
artup_ma35d1_rtp.s
   Uses
      At line 142 in file ..\..\Library\Device\Nuvoton\ma35d1_rtp\Source\ARM\st
artup_ma35d1_rtp.s
      At line 314 in file ..\..\Library\Device\Nuvoton\ma35d1_rtp\Source\ARM\st
artup_ma35d1_rtp.s

UART11_IRQHandler 0000001A

Symbol: UART11_IRQHandler
   Definitions
      At line 417 in file ..\..\Library\Device\Nuvoton\ma35d1_rtp\Source\ARM\st
artup_ma35d1_rtp.s
   Uses
      At line 143 in file ..\..\Library\Device\Nuvoton\ma35d1_rtp\Source\ARM\st
artup_ma35d1_rtp.s
      At line 315 in file ..\..\Library\Device\Nuvoton\ma35d1_rtp\Source\ARM\st
artup_ma35d1_rtp.s

UART12_IRQHandler 0000001A

Symbol: UART12_IRQHandler
   Definitions
      At line 439 in file ..\..\Library\Device\Nuvoton\ma35d1_rtp\Source\ARM\st
artup_ma35d1_rtp.s
   Uses
      At line 165 in file ..\..\Library\Device\Nuvoton\ma35d1_rtp\Source\ARM\st
artup_ma35d1_rtp.s
      At line 337 in file ..\..\Library\Device\Nuvoton\ma35d1_rtp\Source\ARM\st
artup_ma35d1_rtp.s

UART13_IRQHandler 0000001A

Symbol: UART13_IRQHandler
   Definitions
      At line 440 in file ..\..\Library\Device\Nuvoton\ma35d1_rtp\Source\ARM\st
artup_ma35d1_rtp.s
   Uses
      At line 166 in file ..\..\Library\Device\Nuvoton\ma35d1_rtp\Source\ARM\st
artup_ma35d1_rtp.s
      At line 338 in file ..\..\Library\Device\Nuvoton\ma35d1_rtp\Source\ARM\st
artup_ma35d1_rtp.s

UART14_IRQHandler 0000001A

Symbol: UART14_IRQHandler



ARM Macro Assembler    Page 21 Alphabetic symbol ordering
Relocatable symbols

   Definitions
      At line 441 in file ..\..\Library\Device\Nuvoton\ma35d1_rtp\Source\ARM\st
artup_ma35d1_rtp.s
   Uses
      At line 167 in file ..\..\Library\Device\Nuvoton\ma35d1_rtp\Source\ARM\st
artup_ma35d1_rtp.s
      At line 339 in file ..\..\Library\Device\Nuvoton\ma35d1_rtp\Source\ARM\st
artup_ma35d1_rtp.s

UART15_IRQHandler 0000001A

Symbol: UART15_IRQHandler
   Definitions
      At line 442 in file ..\..\Library\Device\Nuvoton\ma35d1_rtp\Source\ARM\st
artup_ma35d1_rtp.s
   Uses
      At line 168 in file ..\..\Library\Device\Nuvoton\ma35d1_rtp\Source\ARM\st
artup_ma35d1_rtp.s
      At line 340 in file ..\..\Library\Device\Nuvoton\ma35d1_rtp\Source\ARM\st
artup_ma35d1_rtp.s

UART16_IRQHandler 0000001A

Symbol: UART16_IRQHandler
   Definitions
      At line 443 in file ..\..\Library\Device\Nuvoton\ma35d1_rtp\Source\ARM\st
artup_ma35d1_rtp.s
   Uses
      At line 169 in file ..\..\Library\Device\Nuvoton\ma35d1_rtp\Source\ARM\st
artup_ma35d1_rtp.s
      At line 341 in file ..\..\Library\Device\Nuvoton\ma35d1_rtp\Source\ARM\st
artup_ma35d1_rtp.s

UART1_IRQHandler 0000001A

Symbol: UART1_IRQHandler
   Definitions
      At line 379 in file ..\..\Library\Device\Nuvoton\ma35d1_rtp\Source\ARM\st
artup_ma35d1_rtp.s
   Uses
      At line 104 in file ..\..\Library\Device\Nuvoton\ma35d1_rtp\Source\ARM\st
artup_ma35d1_rtp.s
      At line 277 in file ..\..\Library\Device\Nuvoton\ma35d1_rtp\Source\ARM\st
artup_ma35d1_rtp.s

UART2_IRQHandler 0000001A

Symbol: UART2_IRQHandler
   Definitions
      At line 380 in file ..\..\Library\Device\Nuvoton\ma35d1_rtp\Source\ARM\st
artup_ma35d1_rtp.s
   Uses
      At line 105 in file ..\..\Library\Device\Nuvoton\ma35d1_rtp\Source\ARM\st
artup_ma35d1_rtp.s
      At line 278 in file ..\..\Library\Device\Nuvoton\ma35d1_rtp\Source\ARM\st
artup_ma35d1_rtp.s

UART3_IRQHandler 0000001A




ARM Macro Assembler    Page 22 Alphabetic symbol ordering
Relocatable symbols

Symbol: UART3_IRQHandler
   Definitions
      At line 381 in file ..\..\Library\Device\Nuvoton\ma35d1_rtp\Source\ARM\st
artup_ma35d1_rtp.s
   Uses
      At line 106 in file ..\..\Library\Device\Nuvoton\ma35d1_rtp\Source\ARM\st
artup_ma35d1_rtp.s
      At line 279 in file ..\..\Library\Device\Nuvoton\ma35d1_rtp\Source\ARM\st
artup_ma35d1_rtp.s

UART4_IRQHandler 0000001A

Symbol: UART4_IRQHandler
   Definitions
      At line 382 in file ..\..\Library\Device\Nuvoton\ma35d1_rtp\Source\ARM\st
artup_ma35d1_rtp.s
   Uses
      At line 107 in file ..\..\Library\Device\Nuvoton\ma35d1_rtp\Source\ARM\st
artup_ma35d1_rtp.s
      At line 280 in file ..\..\Library\Device\Nuvoton\ma35d1_rtp\Source\ARM\st
artup_ma35d1_rtp.s

UART5_IRQHandler 0000001A

Symbol: UART5_IRQHandler
   Definitions
      At line 383 in file ..\..\Library\Device\Nuvoton\ma35d1_rtp\Source\ARM\st
artup_ma35d1_rtp.s
   Uses
      At line 108 in file ..\..\Library\Device\Nuvoton\ma35d1_rtp\Source\ARM\st
artup_ma35d1_rtp.s
      At line 281 in file ..\..\Library\Device\Nuvoton\ma35d1_rtp\Source\ARM\st
artup_ma35d1_rtp.s

UART6_IRQHandler 0000001A

Symbol: UART6_IRQHandler
   Definitions
      At line 412 in file ..\..\Library\Device\Nuvoton\ma35d1_rtp\Source\ARM\st
artup_ma35d1_rtp.s
   Uses
      At line 138 in file ..\..\Library\Device\Nuvoton\ma35d1_rtp\Source\ARM\st
artup_ma35d1_rtp.s
      At line 310 in file ..\..\Library\Device\Nuvoton\ma35d1_rtp\Source\ARM\st
artup_ma35d1_rtp.s

UART7_IRQHandler 0000001A

Symbol: UART7_IRQHandler
   Definitions
      At line 413 in file ..\..\Library\Device\Nuvoton\ma35d1_rtp\Source\ARM\st
artup_ma35d1_rtp.s
   Uses
      At line 139 in file ..\..\Library\Device\Nuvoton\ma35d1_rtp\Source\ARM\st
artup_ma35d1_rtp.s
      At line 311 in file ..\..\Library\Device\Nuvoton\ma35d1_rtp\Source\ARM\st
artup_ma35d1_rtp.s

UART8_IRQHandler 0000001A



ARM Macro Assembler    Page 23 Alphabetic symbol ordering
Relocatable symbols


Symbol: UART8_IRQHandler
   Definitions
      At line 414 in file ..\..\Library\Device\Nuvoton\ma35d1_rtp\Source\ARM\st
artup_ma35d1_rtp.s
   Uses
      At line 140 in file ..\..\Library\Device\Nuvoton\ma35d1_rtp\Source\ARM\st
artup_ma35d1_rtp.s
      At line 312 in file ..\..\Library\Device\Nuvoton\ma35d1_rtp\Source\ARM\st
artup_ma35d1_rtp.s

UART9_IRQHandler 0000001A

Symbol: UART9_IRQHandler
   Definitions
      At line 415 in file ..\..\Library\Device\Nuvoton\ma35d1_rtp\Source\ARM\st
artup_ma35d1_rtp.s
   Uses
      At line 141 in file ..\..\Library\Device\Nuvoton\ma35d1_rtp\Source\ARM\st
artup_ma35d1_rtp.s
      At line 313 in file ..\..\Library\Device\Nuvoton\ma35d1_rtp\Source\ARM\st
artup_ma35d1_rtp.s

UsageFault_Handler 00000010

Symbol: UsageFault_Handler
   Definitions
      At line 225 in file ..\..\Library\Device\Nuvoton\ma35d1_rtp\Source\ARM\st
artup_ma35d1_rtp.s
   Uses
      At line 57 in file ..\..\Library\Device\Nuvoton\ma35d1_rtp\Source\ARM\sta
rtup_ma35d1_rtp.s
      At line 226 in file ..\..\Library\Device\Nuvoton\ma35d1_rtp\Source\ARM\st
artup_ma35d1_rtp.s

WDT2_IRQHandler 0000001A

Symbol: WDT2_IRQHandler
   Definitions
      At line 360 in file ..\..\Library\Device\Nuvoton\ma35d1_rtp\Source\ARM\st
artup_ma35d1_rtp.s
   Uses
      At line 77 in file ..\..\Library\Device\Nuvoton\ma35d1_rtp\Source\ARM\sta
rtup_ma35d1_rtp.s
      At line 258 in file ..\..\Library\Device\Nuvoton\ma35d1_rtp\Source\ARM\st
artup_ma35d1_rtp.s

WHC0_IRQHandler 0000001A

Symbol: WHC0_IRQHandler
   Definitions
      At line 357 in file ..\..\Library\Device\Nuvoton\ma35d1_rtp\Source\ARM\st
artup_ma35d1_rtp.s
   Uses
      At line 74 in file ..\..\Library\Device\Nuvoton\ma35d1_rtp\Source\ARM\sta
rtup_ma35d1_rtp.s
      At line 255 in file ..\..\Library\Device\Nuvoton\ma35d1_rtp\Source\ARM\st
artup_ma35d1_rtp.s




ARM Macro Assembler    Page 24 Alphabetic symbol ordering
Relocatable symbols

WWDT2_IRQHandler 0000001A

Symbol: WWDT2_IRQHandler
   Definitions
      At line 361 in file ..\..\Library\Device\Nuvoton\ma35d1_rtp\Source\ARM\st
artup_ma35d1_rtp.s
   Uses
      At line 78 in file ..\..\Library\Device\Nuvoton\ma35d1_rtp\Source\ARM\sta
rtup_ma35d1_rtp.s
      At line 259 in file ..\..\Library\Device\Nuvoton\ma35d1_rtp\Source\ARM\st
artup_ma35d1_rtp.s

113 symbols



ARM Macro Assembler    Page 1 Alphabetic symbol ordering
Absolute symbols

Heap_Size 00004000

Symbol: Heap_Size
   Definitions
      At line 31 in file ..\..\Library\Device\Nuvoton\ma35d1_rtp\Source\ARM\sta
rtup_ma35d1_rtp.s
   Uses
      At line 36 in file ..\..\Library\Device\Nuvoton\ma35d1_rtp\Source\ARM\sta
rtup_ma35d1_rtp.s
Comment: Heap_Size used once
Stack_Size 00004000

Symbol: Stack_Size
   Definitions
      At line 18 in file ..\..\Library\Device\Nuvoton\ma35d1_rtp\Source\ARM\sta
rtup_ma35d1_rtp.s
   Uses
      At line 22 in file ..\..\Library\Device\Nuvoton\ma35d1_rtp\Source\ARM\sta
rtup_ma35d1_rtp.s
Comment: Stack_Size used once
__Vectors_Size 000001FC

Symbol: __Vectors_Size
   Definitions
      At line 182 in file ..\..\Library\Device\Nuvoton\ma35d1_rtp\Source\ARM\st
artup_ma35d1_rtp.s
   Uses
      At line 49 in file ..\..\Library\Device\Nuvoton\ma35d1_rtp\Source\ARM\sta
rtup_ma35d1_rtp.s
Comment: __Vectors_Size used once
3 symbols



ARM Macro Assembler    Page 1 Alphabetic symbol ordering
External symbols

SystemInit 00000000

Symbol: SystemInit
   Definitions
      At line 191 in file ..\..\Library\Device\Nuvoton\ma35d1_rtp\Source\ARM\st
artup_ma35d1_rtp.s
   Uses
      At line 194 in file ..\..\Library\Device\Nuvoton\ma35d1_rtp\Source\ARM\st
artup_ma35d1_rtp.s
Comment: SystemInit used once
__main 00000000

Symbol: __main
   Definitions
      At line 192 in file ..\..\Library\Device\Nuvoton\ma35d1_rtp\Source\ARM\st
artup_ma35d1_rtp.s
   Uses
      At line 197 in file ..\..\Library\Device\Nuvoton\ma35d1_rtp\Source\ARM\st
artup_ma35d1_rtp.s
Comment: __main used once
2 symbols
466 symbols in table
